<?xml version="1.0" encoding="UTF-8"?>
<testsuite name="com.anhannek.Unit10Test" tests="1" skipped="0" failures="0" errors="0" timestamp="2022-09-10T09:46:23" hostname="DESKTOP-PPOCAC3" time="0.013">
  <properties/>
  <testcase name="testCase1()" classname="com.anhannek.Unit10Test" time="0.013"/>
  <system-out><![CDATA[]]></system-out>
  <system-err><![CDATA[]]></system-err>
</testsuite>
